\BOOKMARK [1][-]{section.1}{\376\377\000I\000n\000t\000r\000o\000d\000u\000c\000t\000i\000o\000n}{}% 1
\BOOKMARK [1][-]{section.2}{\376\377\000H\000a\000r\000d\000w\000a\000r\000e\000\040\000C\000o\000m\000p\000o\000n\000e\000n\000t\000s}{}% 2
\BOOKMARK [2][-]{subsection.2.1}{\376\377\000R\000e\000q\000u\000i\000r\000e\000d\000\040\000C\000o\000m\000p\000o\000n\000e\000n\000t\000s}{section.2}% 3
\BOOKMARK [2][-]{subsection.2.2}{\376\377\000P\000i\000n\000\040\000C\000o\000n\000n\000e\000c\000t\000i\000o\000n\000s}{section.2}% 4
\BOOKMARK [3][-]{subsubsection.2.2.1}{\376\377\000L\000C\000D\000\040\000C\000o\000n\000n\000e\000c\000t\000i\000o\000n\000s}{subsection.2.2}% 5
\BOOKMARK [3][-]{subsubsection.2.2.2}{\376\377\000K\000e\000y\000p\000a\000d\000\040\000C\000o\000n\000n\000e\000c\000t\000i\000o\000n\000s}{subsection.2.2}% 6
\BOOKMARK [2][-]{subsection.2.3}{\376\377\000K\000e\000y\000p\000a\000d\000\040\000L\000a\000y\000o\000u\000t}{section.2}% 7
\BOOKMARK [1][-]{section.3}{\376\377\000S\000o\000f\000t\000w\000a\000r\000e\000\040\000A\000r\000c\000h\000i\000t\000e\000c\000t\000u\000r\000e}{}% 8
\BOOKMARK [2][-]{subsection.3.1}{\376\377\000C\000o\000d\000e\000\040\000S\000t\000r\000u\000c\000t\000u\000r\000e}{section.3}% 9
\BOOKMARK [2][-]{subsection.3.2}{\376\377\000L\000C\000D\000\040\000I\000n\000t\000e\000r\000f\000a\000c\000e}{section.3}% 10
\BOOKMARK [2][-]{subsection.3.3}{\376\377\000K\000e\000y\000p\000a\000d\000\040\000S\000c\000a\000n\000n\000i\000n\000g}{section.3}% 11
\BOOKMARK [2][-]{subsection.3.4}{\376\377\000M\000a\000t\000h\000e\000m\000a\000t\000i\000c\000a\000l\000\040\000F\000u\000n\000c\000t\000i\000o\000n\000\040\000I\000m\000p\000l\000e\000m\000e\000n\000t\000a\000t\000i\000o\000n\000s}{section.3}% 12
\BOOKMARK [3][-]{subsubsection.3.4.1}{\376\377\000C\000O\000R\000D\000I\000C\000\040\000A\000l\000g\000o\000r\000i\000t\000h\000m\000\040\000f\000o\000r\000\040\000T\000r\000i\000g\000o\000n\000o\000m\000e\000t\000r\000i\000c\000\040\000a\000n\000d\000\040\000I\000n\000v\000e\000r\000s\000e\000-\000T\000r\000i\000g\000o\000n\000o\000m\000e\000t\000r\000i\000c\000\040\000F\000u\000n\000c\000t\000i\000o\000n\000s}{subsection.3.4}% 13
\BOOKMARK [3][-]{subsubsection.3.4.2}{\376\377\000E\000x\000p\000o\000n\000e\000n\000t\000i\000a\000l\000\040\000F\000u\000n\000c\000t\000i\000o\000n\000\040\000u\000s\000i\000n\000g\000\040\000F\000o\000r\000w\000a\000r\000d\000-\000E\000u\000l\000e\000r\000\040\000m\000e\000t\000h\000o\000d}{subsection.3.4}% 14
\BOOKMARK [3][-]{subsubsection.3.4.3}{\376\377\000P\000o\000w\000e\000r\000\040\000a\000n\000d\000\040\000R\000o\000o\000t\000\040\000F\000u\000n\000c\000t\000i\000o\000n\000s}{subsection.3.4}% 15
\BOOKMARK [2][-]{subsection.3.5}{\376\377\000I\000n\000p\000u\000t\000\040\000P\000r\000o\000c\000e\000s\000s\000i\000n\000g}{section.3}% 16
\BOOKMARK [2][-]{subsection.3.6}{\376\377\000M\000a\000i\000n\000\040\000P\000r\000o\000g\000r\000a\000m\000\040\000L\000o\000o\000p}{section.3}% 17
\BOOKMARK [1][-]{section.4}{\376\377\000M\000a\000t\000h\000e\000m\000a\000t\000i\000c\000a\000l\000\040\000C\000a\000p\000a\000b\000i\000l\000i\000t\000i\000e\000s}{}% 18
\BOOKMARK [2][-]{subsection.4.1}{\376\377\000B\000a\000s\000i\000c\000\040\000A\000r\000i\000t\000h\000m\000e\000t\000i\000c\000\040\000O\000p\000e\000r\000a\000t\000i\000o\000n\000s}{section.4}% 19
\BOOKMARK [2][-]{subsection.4.2}{\376\377\000T\000r\000i\000g\000o\000n\000o\000m\000e\000t\000r\000i\000c\000\040\000F\000u\000n\000c\000t\000i\000o\000n\000s}{section.4}% 20
\BOOKMARK [2][-]{subsection.4.3}{\376\377\000I\000n\000v\000e\000r\000s\000e\000\040\000T\000r\000i\000g\000o\000n\000o\000m\000e\000t\000r\000i\000c\000\040\000F\000u\000n\000c\000t\000i\000o\000n\000s}{section.4}% 21
\BOOKMARK [2][-]{subsection.4.4}{\376\377\000H\000y\000p\000e\000r\000b\000o\000l\000i\000c\000\040\000F\000u\000n\000c\000t\000i\000o\000n\000s}{section.4}% 22
\BOOKMARK [2][-]{subsection.4.5}{\376\377\000E\000x\000p\000o\000n\000e\000n\000t\000i\000a\000l\000\040\000a\000n\000d\000\040\000L\000o\000g\000a\000r\000i\000t\000h\000m\000i\000c\000\040\000F\000u\000n\000c\000t\000i\000o\000n\000s}{section.4}% 23
\BOOKMARK [2][-]{subsection.4.6}{\376\377\000P\000o\000w\000e\000r\000\040\000a\000n\000d\000\040\000R\000o\000o\000t\000\040\000F\000u\000n\000c\000t\000i\000o\000n\000s}{section.4}% 24
\BOOKMARK [2][-]{subsection.4.7}{\376\377\000C\000o\000n\000s\000t\000a\000n\000t\000s}{section.4}% 25
\BOOKMARK [1][-]{section.5}{\376\377\000S\000p\000e\000c\000i\000a\000l\000\040\000F\000e\000a\000t\000u\000r\000e\000s}{}% 26
\BOOKMARK [2][-]{subsection.5.1}{\376\377\000E\000r\000r\000o\000r\000\040\000H\000a\000n\000d\000l\000i\000n\000g}{section.5}% 27
\BOOKMARK [2][-]{subsection.5.2}{\376\377\000R\000e\000s\000u\000l\000t\000\040\000S\000t\000o\000r\000a\000g\000e}{section.5}% 28
\BOOKMARK [2][-]{subsection.5.3}{\376\377\000S\000i\000g\000n\000\040\000T\000o\000g\000g\000l\000e}{section.5}% 29
\BOOKMARK [2][-]{subsection.5.4}{\376\377\000S\000h\000i\000f\000t\000\040\000F\000u\000n\000c\000t\000i\000o\000n}{section.5}% 30
\BOOKMARK [1][-]{section.6}{\376\377\000C\000O\000R\000D\000I\000C\000\040\000A\000l\000g\000o\000r\000i\000t\000h\000m\000\040\000E\000x\000p\000l\000a\000i\000n\000e\000d}{}% 31
\BOOKMARK [2][-]{subsection.6.1}{\376\377\000B\000a\000s\000i\000c\000\040\000C\000O\000R\000D\000I\000C\000\040\000P\000r\000i\000n\000c\000i\000p\000l\000e}{section.6}% 32
\BOOKMARK [2][-]{subsection.6.2}{\376\377\000T\000r\000i\000g\000o\000n\000o\000m\000e\000t\000r\000i\000c\000\040\000F\000u\000n\000c\000t\000i\000o\000n\000s\000\040\000I\000m\000p\000l\000e\000m\000e\000n\000t\000a\000t\000i\000o\000n}{section.6}% 33
\BOOKMARK [3][-]{subsubsection.6.2.1}{\376\377\000B\000a\000s\000i\000c\000\040\000e\000q\000u\000a\000t\000i\000o\000n\000\040\000o\000f\000\040\000C\000O\000R\000D\000I\000C\000'\000s\000\040\000a\000l\000g\000o\000r\000i\000t\000h\000m}{subsection.6.2}% 34
\BOOKMARK [3][-]{subsubsection.6.2.2}{\376\377\000V\000e\000c\000t\000o\000r\000\040\000R\000o\000t\000a\000t\000i\000o\000n\000\040\000f\000o\000r\000\040\000S\000i\000n\000e\000\040\000a\000n\000d\000\040\000C\000o\000s\000i\000n\000e}{subsection.6.2}% 35
\BOOKMARK [3][-]{subsubsection.6.2.3}{\376\377\000I\000n\000v\000e\000r\000s\000e\000\040\000T\000r\000i\000g\000o\000n\000o\000m\000e\000t\000r\000i\000c\000\040\000F\000u\000n\000c\000t\000i\000o\000n\000s}{subsection.6.2}% 36
\BOOKMARK [2][-]{subsection.6.3}{\376\377\000I\000m\000p\000l\000e\000m\000e\000n\000t\000a\000t\000i\000o\000n\000\040\000D\000e\000t\000a\000i\000l\000s}{section.6}% 37
\BOOKMARK [3][-]{subsubsection.6.3.1}{\376\377\000R\000o\000t\000a\000t\000i\000o\000n\000\040\000L\000o\000g\000i\000c}{subsection.6.3}% 38
\BOOKMARK [3][-]{subsubsection.6.3.2}{\376\377\000F\000u\000n\000c\000t\000i\000o\000n\000\040\000S\000e\000l\000e\000c\000t\000i\000o\000n\000\040\000a\000n\000d\000\040\000I\000n\000i\000t\000i\000a\000l\000i\000z\000a\000t\000i\000o\000n}{subsection.6.3}% 39
\BOOKMARK [1][-]{section.7}{\376\377\000C\000o\000d\000e\000\040\000O\000p\000t\000i\000m\000i\000z\000a\000t\000i\000o\000n\000s}{}% 40
\BOOKMARK [2][-]{subsection.7.1}{\376\377\000M\000e\000m\000o\000r\000y\000\040\000U\000s\000a\000g\000e\000\040\000O\000p\000t\000i\000m\000i\000z\000a\000t\000i\000o\000n}{section.7}% 41
\BOOKMARK [2][-]{subsection.7.2}{\376\377\000P\000e\000r\000f\000o\000r\000m\000a\000n\000c\000e\000\040\000O\000p\000t\000i\000m\000i\000z\000a\000t\000i\000o\000n}{section.7}% 42
\BOOKMARK [1][-]{section.8}{\376\377\000U\000s\000e\000r\000\040\000I\000n\000t\000e\000r\000f\000a\000c\000e}{}% 43
\BOOKMARK [2][-]{subsection.8.1}{\376\377\000D\000i\000s\000p\000l\000a\000y\000\040\000F\000o\000r\000m\000a\000t\000t\000i\000n\000g}{section.8}% 44
\BOOKMARK [2][-]{subsection.8.2}{\376\377\000I\000n\000p\000u\000t\000\040\000H\000a\000n\000d\000l\000i\000n\000g}{section.8}% 45
\BOOKMARK [1][-]{section.9}{\376\377\000C\000o\000n\000c\000l\000u\000s\000i\000o\000n}{}% 46
