\BOOKMARK [1][-]{section.1}{\376\377\000I\000n\000t\000r\000o\000d\000u\000c\000t\000i\000o\000n}{}% 1
\BOOKMARK [1][-]{section.2}{\376\377\000S\000y\000s\000t\000e\000m\000\040\000C\000o\000m\000p\000o\000n\000e\000n\000t\000s}{}% 2
\BOOKMARK [1][-]{section.3}{\376\377\000U\000s\000e\000r\000\040\000M\000o\000d\000e\000s}{}% 3
\BOOKMARK [1][-]{section.4}{\376\377\000C\000o\000n\000t\000r\000o\000l\000\040\000L\000o\000g\000i\000c}{}% 4
\BOOKMARK [1][-]{section.5}{\376\377\000U\000s\000e\000r\000\040\000I\000n\000t\000e\000r\000f\000a\000c\000e}{}% 5
\BOOKMARK [1][-]{section.6}{\376\377\000E\000x\000p\000r\000e\000s\000s\000i\000o\000n\000\040\000P\000a\000r\000s\000e\000r}{}% 6
\BOOKMARK [1][-]{section.7}{\376\377\000E\000r\000r\000o\000r\000\040\000H\000a\000n\000d\000l\000i\000n\000g}{}% 7
\BOOKMARK [1][-]{section.8}{\376\377\000E\000E\000P\000R\000O\000M\000\040\000P\000e\000r\000s\000i\000s\000t\000a\000n\000c\000e}{}% 8
\BOOKMARK [1][-]{section.9}{\376\377\000A\000s\000s\000e\000m\000b\000l\000y\000\040\000R\000o\000u\000t\000i\000n\000e\000s}{}% 9
\BOOKMARK [1][-]{section.10}{\376\377\000F\000u\000n\000c\000t\000i\000o\000n\000\040\000I\000m\000p\000l\000e\000m\000e\000n\000t\000a\000t\000i\000o\000n\000s}{}% 10
\BOOKMARK [2][-]{subsection.10.1}{\376\377\000s\000i\000n\000\050\000x\000\051}{section.10}% 11
\BOOKMARK [2][-]{subsection.10.2}{\376\377\000c\000o\000s\000\050\000x\000\051}{section.10}% 12
\BOOKMARK [2][-]{subsection.10.3}{\376\377\000t\000a\000n\000\050\000x\000\051}{section.10}% 13
\BOOKMARK [2][-]{subsection.10.4}{\376\377\000l\000n\000\050\000x\000\051}{section.10}% 14
\BOOKMARK [2][-]{subsection.10.5}{\376\377\000l\000o\000g\000\050\000x\000\051}{section.10}% 15
\BOOKMARK [2][-]{subsection.10.6}{\376\377\000e\000x\000p\000\050\000x\000\051}{section.10}% 16
\BOOKMARK [2][-]{subsection.10.7}{\376\377\000p\000o\000w\000\050\000a\000,\000\040\000x\000\051}{section.10}% 17
\BOOKMARK [2][-]{subsection.10.8}{\376\377\000a\000s\000i\000n\000\050\000x\000\051}{section.10}% 18
\BOOKMARK [2][-]{subsection.10.9}{\376\377\000a\000c\000o\000s\000\050\000x\000\051}{section.10}% 19
\BOOKMARK [2][-]{subsection.10.10}{\376\377\000a\000t\000a\000n\000\050\000x\000\051}{section.10}% 20
\BOOKMARK [1][-]{section.11}{\376\377\000C\000o\000n\000c\000l\000u\000s\000i\000o\000n}{}% 21
\BOOKMARK [1][-]{section.12}{\376\377\000C\000o\000d\000e\000\040\000R\000e\000q\000u\000i\000r\000e\000m\000e\000n\000t\000s}{}% 22
