\BOOKMARK [1][-]{section.1}{\376\377\000I\000n\000t\000r\000o\000d\000u\000c\000t\000i\000o\000n}{}% 1
\BOOKMARK [1][-]{section.2}{\376\377\000A\000i\000m}{}% 2
\BOOKMARK [1][-]{section.3}{\376\377\000C\000o\000m\000p\000o\000n\000e\000n\000t\000s\000\040\000R\000e\000q\000u\000i\000r\000e\000d}{}% 3
\BOOKMARK [1][-]{section.4}{\376\377\000H\000a\000r\000d\000w\000a\000r\000e\000\040\000C\000o\000n\000f\000i\000g\000u\000r\000a\000t\000i\000o\000n}{}% 4
\BOOKMARK [2][-]{subsection.4.1}{\376\377\000P\000i\000n\000\040\000C\000o\000n\000n\000e\000c\000t\000i\000o\000n\000s}{section.4}% 5
\BOOKMARK [3][-]{subsubsection.4.1.1}{\376\377\000L\000C\000D\000\040\000D\000i\000s\000p\000l\000a\000y\000\040\000\050\0004\000-\000b\000i\000t\000\040\000M\000o\000d\000e\000\051}{subsection.4.1}% 6
\BOOKMARK [3][-]{subsubsection.4.1.2}{\376\377\000P\000u\000s\000h\000\040\000B\000u\000t\000t\000o\000n\000\040\000C\000o\000n\000n\000e\000c\000t\000i\000o\000n\000s}{subsection.4.1}% 7
\BOOKMARK [3][-]{subsubsection.4.1.3}{\376\377\000S\000h\000i\000f\000t\000\040\000B\000u\000t\000t\000o\000n\000\040\000C\000o\000n\000n\000e\000c\000t\000i\000o\000n\000s}{subsection.4.1}% 8
\BOOKMARK [3][-]{subsubsection.4.1.4}{\376\377\000P\000o\000w\000e\000r\000\040\000S\000u\000p\000p\000l\000y}{subsection.4.1}% 9
\BOOKMARK [1][-]{section.5}{\376\377\000S\000o\000f\000t\000w\000a\000r\000e\000\040\000D\000e\000s\000i\000g\000n}{}% 10
\BOOKMARK [2][-]{subsection.5.1}{\376\377\000O\000v\000e\000r\000a\000l\000l\000\040\000A\000r\000c\000h\000i\000t\000e\000c\000t\000u\000r\000e}{section.5}% 11
\BOOKMARK [2][-]{subsection.5.2}{\376\377\000I\000n\000p\000u\000t\000\040\000H\000a\000n\000d\000l\000i\000n\000g}{section.5}% 12
\BOOKMARK [2][-]{subsection.5.3}{\376\377\000U\000s\000e\000r\000\040\000I\000n\000t\000e\000r\000f\000a\000c\000e\000\040\000\050\000U\000I\000\051}{section.5}% 13
\BOOKMARK [2][-]{subsection.5.4}{\376\377\000E\000x\000p\000r\000e\000s\000s\000i\000o\000n\000\040\000E\000v\000a\000l\000u\000a\000t\000i\000o\000n\000\040\000\050\000R\000e\000c\000u\000r\000s\000i\000v\000e\000\040\000D\000e\000s\000c\000e\000n\000t\000\040\000P\000a\000r\000s\000e\000r\000\051}{section.5}% 14
\BOOKMARK [2][-]{subsection.5.5}{\376\377\000S\000h\000i\000f\000t\000\040\000M\000o\000d\000e\000s}{section.5}% 15
\BOOKMARK [2][-]{subsection.5.6}{\376\377\000A\000V\000R\000\040\000G\000C\000C}{section.5}% 16
\BOOKMARK [2][-]{subsection.5.7}{\376\377\000E\000r\000r\000o\000r\000\040\000H\000a\000n\000d\000l\000i\000n\000g}{section.5}% 17
\BOOKMARK [1][-]{section.6}{\376\377\000O\000p\000e\000r\000a\000t\000i\000o\000n\000\040\000W\000o\000r\000k\000f\000l\000o\000w}{}% 18
\BOOKMARK [1][-]{section.7}{\376\377\000P\000e\000r\000f\000o\000r\000m\000a\000n\000c\000e\000\040\000S\000p\000e\000c\000i\000f\000i\000c\000a\000t\000i\000o\000n\000s}{}% 19
\BOOKMARK [1][-]{section.8}{\376\377\000A\000V\000R\000\040\000C\000o\000d\000e\000\040\000E\000x\000p\000l\000a\000n\000a\000t\000i\000o\000n}{}% 20
\BOOKMARK [2][-]{subsection.8.1}{\376\377\0001\000.\000\040\000L\000C\000D\000\040\000I\000n\000i\000t\000i\000a\000l\000i\000z\000a\000t\000i\000o\000n\000\040\000a\000n\000d\000\040\000D\000i\000s\000p\000l\000a\000y}{section.8}% 21
\BOOKMARK [2][-]{subsection.8.2}{\376\377\0002\000.\000\040\000B\000u\000t\000t\000o\000n\000\040\000S\000c\000a\000n\000n\000i\000n\000g\000\040\000a\000n\000d\000\040\000I\000n\000p\000u\000t}{section.8}% 22
\BOOKMARK [2][-]{subsection.8.3}{\376\377\0003\000.\000\040\000E\000x\000p\000r\000e\000s\000s\000i\000o\000n\000\040\000P\000a\000r\000s\000i\000n\000g\000\040\000a\000n\000d\000\040\000E\000v\000a\000l\000u\000a\000t\000i\000o\000n}{section.8}% 23
\BOOKMARK [2][-]{subsection.8.4}{\376\377\0004\000.\000\040\000S\000c\000i\000e\000n\000t\000i\000f\000i\000c\000\040\000F\000u\000n\000c\000t\000i\000o\000n\000s\000\040\000\050\000M\000a\000n\000u\000a\000l\000\040\000I\000m\000p\000l\000e\000m\000e\000n\000t\000a\000t\000i\000o\000n\000\051}{section.8}% 24
\BOOKMARK [2][-]{subsection.8.5}{\376\377\0005\000.\000\040\000S\000h\000i\000f\000t\000\040\000M\000o\000d\000e\000s\000\040\000f\000o\000r\000\040\000M\000u\000l\000t\000i\000-\000F\000u\000n\000c\000t\000i\000o\000n\000\040\000I\000n\000p\000u\000t}{section.8}% 25
\BOOKMARK [2][-]{subsection.8.6}{\376\377\0006\000.\000\040\000D\000i\000s\000p\000l\000a\000y\000\040\000a\000n\000d\000\040\000E\000r\000r\000o\000r\000\040\000H\000a\000n\000d\000l\000i\000n\000g}{section.8}% 26
\BOOKMARK [2][-]{subsection.8.7}{\376\377\0007\000.\000\040\000M\000a\000i\000n\000\040\000L\000o\000o\000p}{section.8}% 27
