\BOOKMARK [1][-]{section.1}{\376\377\000I\000n\000t\000r\000o\000d\000u\000c\000t\000i\000o\000n}{}% 1
\BOOKMARK [1][-]{section.2}{\376\377\000C\000o\000m\000p\000o\000n\000e\000n\000t\000s\000\040\000U\000s\000e\000d}{}% 2
\BOOKMARK [2][-]{subsection.2.1}{\376\377\000A\000r\000d\000u\000i\000n\000o\000\040\000U\000n\000o}{section.2}% 3
\BOOKMARK [2][-]{subsection.2.2}{\376\377\000B\000r\000e\000a\000d\000b\000o\000a\000r\000d}{section.2}% 4
\BOOKMARK [2][-]{subsection.2.3}{\376\377\000J\000u\000m\000p\000e\000r\000\040\000C\000a\000b\000l\000e\000s}{section.2}% 5
\BOOKMARK [2][-]{subsection.2.4}{\376\377\000S\000i\000x\000\040\000S\000e\000v\000e\000n\000-\000S\000e\000g\000m\000e\000n\000t\000\040\000D\000i\000s\000p\000l\000a\000y\000s}{section.2}% 6
\BOOKMARK [2][-]{subsection.2.5}{\376\377\0007\0004\0004\0007\000\040\000I\000C}{section.2}% 7
\BOOKMARK [2][-]{subsection.2.6}{\376\377\000R\000e\000s\000i\000s\000t\000o\000r\000s}{section.2}% 8
\BOOKMARK [1][-]{section.3}{\376\377\000R\000o\000l\000e\000\040\000o\000f\000\040\000C\000o\000m\000p\000o\000n\000e\000n\000t\000s\000\040\000i\000n\000\040\000D\000a\000i\000l\000y\000\040\000L\000i\000f\000e}{}% 9
\BOOKMARK [2][-]{subsection.3.1}{\376\377\000A\000r\000d\000u\000i\000n\000o\000\040\000U\000n\000o}{section.3}% 10
\BOOKMARK [2][-]{subsection.3.2}{\376\377\000B\000r\000e\000a\000d\000b\000o\000a\000r\000d}{section.3}% 11
\BOOKMARK [2][-]{subsection.3.3}{\376\377\000J\000u\000m\000p\000e\000r\000\040\000C\000a\000b\000l\000e\000s}{section.3}% 12
\BOOKMARK [2][-]{subsection.3.4}{\376\377\000S\000e\000v\000e\000n\000-\000S\000e\000g\000m\000e\000n\000t\000\040\000D\000i\000s\000p\000l\000a\000y\000s}{section.3}% 13
\BOOKMARK [2][-]{subsection.3.5}{\376\377\0007\0004\0004\0007\000\040\000I\000C}{section.3}% 14
\BOOKMARK [2][-]{subsection.3.6}{\376\377\000R\000e\000s\000i\000s\000t\000o\000r\000s}{section.3}% 15
\BOOKMARK [1][-]{section.4}{\376\377\000P\000r\000o\000c\000e\000d\000u\000r\000e}{}% 16
\BOOKMARK [2][-]{subsection.4.1}{\376\377\000S\000t\000e\000p\000\040\0001\000:\000\040\000S\000e\000t\000t\000i\000n\000g\000\040\000U\000p\000\040\000t\000h\000e\000\040\000B\000r\000e\000a\000d\000b\000o\000a\000r\000d}{section.4}% 17
\BOOKMARK [2][-]{subsection.4.2}{\376\377\000S\000t\000e\000p\000\040\0002\000:\000\040\000C\000o\000n\000n\000e\000c\000t\000i\000n\000g\000\040\000t\000h\000e\000\040\0007\0004\0004\0007\000\040\000I\000C}{section.4}% 18
\BOOKMARK [2][-]{subsection.4.3}{\376\377\000S\000t\000e\000p\000\040\0003\000:\000\040\000A\000d\000d\000i\000n\000g\000\040\000R\000e\000s\000i\000s\000t\000o\000r\000s}{section.4}% 19
\BOOKMARK [2][-]{subsection.4.4}{\376\377\000S\000t\000e\000p\000\040\0004\000:\000\040\000P\000r\000o\000g\000r\000a\000m\000m\000i\000n\000g\000\040\000t\000h\000e\000\040\000A\000r\000d\000u\000i\000n\000o\000\040\000U\000n\000o}{section.4}% 20
\BOOKMARK [2][-]{subsection.4.5}{\376\377\000S\000t\000e\000p\000\040\0005\000:\000\040\000T\000e\000s\000t\000i\000n\000g\000\040\000t\000h\000e\000\040\000C\000l\000o\000c\000k}{section.4}% 21
\BOOKMARK [1][-]{section.5}{\376\377\000C\000o\000n\000c\000l\000u\000s\000i\000o\000n}{}% 22
