\BOOKMARK [1][-]{section.1}{\376\377\000I\000n\000t\000r\000o\000d\000u\000c\000t\000i\000o\000n}{}% 1
\BOOKMARK [1][-]{section.2}{\376\377\000C\000o\000m\000p\000o\000n\000e\000n\000t\000s\000\040\000U\000s\000e\000d}{}% 2
\BOOKMARK [1][-]{section.3}{\376\377\000P\000i\000n\000\040\000C\000o\000n\000f\000i\000g\000u\000r\000a\000t\000i\000o\000n\000\040\000a\000n\000d\000\040\000B\000r\000e\000a\000d\000b\000o\000a\000r\000d\000\040\000C\000o\000n\000n\000e\000c\000t\000i\000o\000n\000s}{}% 3
\BOOKMARK [2][-]{subsection.3.1}{\376\377\000L\000C\000D\000\040\000p\000i\000n\000\040\000c\000o\000n\000f\000i\000g\000u\000r\000a\000t\000i\000o\000n}{section.3}% 4
\BOOKMARK [1][-]{section.4}{\376\377\000B\000u\000t\000t\000o\000n\000\040\000C\000o\000n\000n\000e\000c\000t\000i\000o\000n\000s\000\040\000f\000o\000r\000\040\000S\000c\000i\000e\000n\000t\000i\000f\000i\000c\000\040\000C\000a\000l\000c\000u\000l\000a\000t\000o\000r}{}% 5
\BOOKMARK [1][-]{section.5}{\376\377\000P\000o\000w\000e\000r\000\040\000S\000u\000p\000p\000l\000y\000\040\000C\000o\000n\000n\000e\000c\000t\000i\000o\000n\000\040\000a\000n\000d\000\040\000U\000p\000l\000o\000a\000d\000i\000n\000g\000\040\000C\000o\000d\000e}{}% 6
\BOOKMARK [1][-]{section.6}{\376\377\000C\000i\000r\000c\000u\000i\000t\000\040\000W\000o\000r\000k\000i\000n\000g\000\040\000M\000e\000c\000h\000a\000n\000i\000s\000m\000\050\000A\000n\000a\000l\000o\000g\000\040\000t\000o\000\040\000D\000i\000g\000i\000t\000a\000l\000\040\000C\000o\000n\000v\000e\000r\000s\000i\000o\000n\000\051}{}% 7
\BOOKMARK [2][-]{subsection.6.1}{\376\377\000A\000D\000C\000\040\000F\000u\000n\000d\000a\000m\000e\000n\000t\000a\000l\000s}{section.6}% 8
\BOOKMARK [2][-]{subsection.6.2}{\376\377\000I\000m\000p\000l\000e\000m\000e\000n\000t\000a\000t\000i\000o\000n\000\040\000i\000n\000\040\000C\000a\000l\000c\000u\000l\000a\000t\000o\000r}{section.6}% 9
\BOOKMARK [2][-]{subsection.6.3}{\376\377\000A\000d\000v\000a\000n\000t\000a\000g\000e\000s\000\040\000o\000f\000\040\000A\000D\000C\000\040\000f\000o\000r\000\040\000B\000u\000t\000t\000o\000n\000\040\000I\000n\000p\000u\000t\000s}{section.6}% 10
\BOOKMARK [2][-]{subsection.6.4}{\376\377\000A\000p\000p\000l\000i\000c\000a\000t\000i\000o\000n\000\040\000i\000n\000\040\000t\000h\000e\000\040\000S\000c\000i\000e\000n\000t\000i\000f\000i\000c\000\040\000C\000a\000l\000c\000u\000l\000a\000t\000o\000r}{section.6}% 11
\BOOKMARK [1][-]{section.7}{\376\377\000M\000e\000c\000h\000a\000n\000i\000s\000m\000\040\000o\000f\000\040\000C\000o\000d\000e\000s}{}% 12
\BOOKMARK [2][-]{subsection.7.1}{\376\377\000C\000o\000r\000e\000\040\000M\000a\000t\000h\000e\000m\000a\000t\000i\000c\000a\000l\000\040\000F\000u\000n\000c\000t\000i\000o\000n\000s}{section.7}% 13
\BOOKMARK [3][-]{subsubsection.7.1.1}{\376\377\000A\000n\000g\000l\000e\000\040\000C\000o\000n\000v\000e\000r\000s\000i\000o\000n\000\040\000a\000n\000d\000\040\000R\000e\000d\000u\000c\000t\000i\000o\000n}{subsection.7.1}% 14
\BOOKMARK [3][-]{subsubsection.7.1.2}{\376\377\000N\000a\000t\000u\000r\000a\000l\000\040\000L\000o\000g\000a\000r\000i\000t\000h\000m\000\040\000C\000a\000l\000c\000u\000l\000a\000t\000i\000o\000n}{subsection.7.1}% 15
\BOOKMARK [3][-]{subsubsection.7.1.3}{\376\377\000N\000u\000m\000e\000r\000i\000c\000a\000l\000\040\000M\000e\000t\000h\000o\000d\000s}{subsection.7.1}% 16
\BOOKMARK [2][-]{subsection.7.2}{\376\377\000S\000t\000a\000c\000k\000\040\000O\000p\000e\000r\000a\000t\000i\000o\000n\000s}{section.7}% 17
\BOOKMARK [3][-]{subsubsection.7.2.1}{\376\377\000O\000p\000e\000r\000a\000t\000o\000r\000\040\000S\000t\000a\000c\000k}{subsection.7.2}% 18
\BOOKMARK [3][-]{subsubsection.7.2.2}{\376\377\000N\000u\000m\000b\000e\000r\000\040\000S\000t\000a\000c\000k}{subsection.7.2}% 19
\BOOKMARK [2][-]{subsection.7.3}{\376\377\000E\000x\000p\000r\000e\000s\000s\000i\000o\000n\000\040\000P\000r\000o\000c\000e\000s\000s\000i\000n\000g}{section.7}% 20
\BOOKMARK [3][-]{subsubsection.7.3.1}{\376\377\000I\000n\000f\000i\000x\000\040\000t\000o\000\040\000P\000o\000s\000t\000f\000i\000x\000\040\000C\000o\000n\000v\000e\000r\000s\000i\000o\000n}{subsection.7.3}% 21
\BOOKMARK [3][-]{subsubsection.7.3.2}{\376\377\000P\000o\000s\000t\000f\000i\000x\000\040\000E\000v\000a\000l\000u\000a\000t\000i\000o\000n}{subsection.7.3}% 22
\BOOKMARK [1][-]{section.8}{\376\377\000A\000d\000v\000a\000n\000t\000a\000g\000e\000s\000\040\000o\000f\000\040\000U\000s\000i\000n\000g\000\040\000A\000V\000R\000-\000G\000C\000C\000\040\000O\000v\000e\000r\000\040\000C\000+\000+}{}% 23
\BOOKMARK [1][-]{section.9}{\376\377\000P\000r\000e\000c\000a\000u\000t\000i\000o\000n\000s}{}% 24
\BOOKMARK [2][-]{subsection.9.1}{\376\377\000H\000a\000r\000d\000w\000a\000r\000e}{section.9}% 25
\BOOKMARK [2][-]{subsection.9.2}{\376\377\000S\000o\000f\000t\000w\000a\000r\000e}{section.9}% 26
