\BOOKMARK [1][-]{section.1}{\376\377\000S\000y\000s\000t\000e\000m\000\040\000O\000v\000e\000r\000v\000i\000e\000w}{}% 1
\BOOKMARK [2][-]{subsection.1.1}{\376\377\000H\000a\000r\000d\000w\000a\000r\000e\000\040\000F\000o\000u\000n\000d\000a\000t\000i\000o\000n}{section.1}% 2
\BOOKMARK [2][-]{subsection.1.2}{\376\377\000P\000e\000r\000i\000p\000h\000e\000r\000a\000l\000\040\000C\000o\000m\000p\000o\000n\000e\000n\000t\000s}{section.1}% 3
\BOOKMARK [3][-]{subsubsection.1.2.1}{\376\377\000L\000C\000D\000\040\000D\000i\000s\000p\000l\000a\000y\000\040\000M\000o\000d\000u\000l\000e}{subsection.1.2}% 4
\BOOKMARK [3][-]{subsubsection.1.2.2}{\376\377\000I\000n\000p\000u\000t\000\040\000S\000y\000s\000t\000e\000m\000\040\000A\000r\000c\000h\000i\000t\000e\000c\000t\000u\000r\000e}{subsection.1.2}% 5
\BOOKMARK [2][-]{subsection.1.3}{\376\377\000P\000o\000w\000e\000r\000\040\000M\000a\000n\000a\000g\000e\000m\000e\000n\000t}{section.1}% 6
\BOOKMARK [1][-]{section.2}{\376\377\000H\000a\000r\000d\000w\000a\000r\000e\000\040\000I\000m\000p\000l\000e\000m\000e\000n\000t\000a\000t\000i\000o\000n\000\040\000D\000e\000t\000a\000i\000l\000s}{}% 7
\BOOKMARK [2][-]{subsection.2.1}{\376\377\000P\000C\000B\000\040\000L\000a\000y\000o\000u\000t\000\040\000C\000o\000n\000s\000i\000d\000e\000r\000a\000t\000i\000o\000n\000s}{section.2}% 8
\BOOKMARK [2][-]{subsection.2.2}{\376\377\000S\000i\000g\000n\000a\000l\000\040\000I\000n\000t\000e\000g\000r\000i\000t\000y}{section.2}% 9
\BOOKMARK [2][-]{subsection.2.3}{\376\377\000C\000o\000m\000p\000o\000n\000e\000n\000t\000\040\000P\000l\000a\000c\000e\000m\000e\000n\000t}{section.2}% 10
\BOOKMARK [1][-]{section.3}{\376\377\000E\000l\000e\000c\000t\000r\000i\000c\000a\000l\000\040\000C\000h\000a\000r\000a\000c\000t\000e\000r\000i\000s\000t\000i\000c\000s}{}% 11
\BOOKMARK [2][-]{subsection.3.1}{\376\377\000V\000o\000l\000t\000a\000g\000e\000\040\000L\000e\000v\000e\000l\000s}{section.3}% 12
\BOOKMARK [2][-]{subsection.3.2}{\376\377\000C\000u\000r\000r\000e\000n\000t\000\040\000R\000e\000q\000u\000i\000r\000e\000m\000e\000n\000t\000s}{section.3}% 13
\BOOKMARK [1][-]{section.4}{\376\377\000I\000n\000t\000e\000r\000f\000a\000c\000i\000n\000g\000\040\000M\000e\000t\000h\000o\000d\000o\000l\000o\000g\000y}{}% 14
\BOOKMARK [2][-]{subsection.4.1}{\376\377\000L\000C\000D\000\040\000C\000o\000m\000m\000u\000n\000i\000c\000a\000t\000i\000o\000n\000\040\000P\000r\000o\000t\000o\000c\000o\000l}{section.4}% 15
\BOOKMARK [2][-]{subsection.4.2}{\376\377\000A\000n\000a\000l\000o\000g\000\040\000I\000n\000p\000u\000t\000\040\000P\000r\000o\000c\000e\000s\000s\000i\000n\000g}{section.4}% 16
\BOOKMARK [2][-]{subsection.4.3}{\376\377\000D\000i\000g\000i\000t\000a\000l\000\040\000I\000n\000p\000u\000t\000\040\000H\000a\000n\000d\000l\000i\000n\000g}{section.4}% 17
\BOOKMARK [1][-]{section.5}{\376\377\000S\000o\000f\000t\000w\000a\000r\000e\000\040\000A\000r\000c\000h\000i\000t\000e\000c\000t\000u\000r\000e}{}% 18
\BOOKMARK [2][-]{subsection.5.1}{\376\377\000S\000y\000s\000t\000e\000m\000\040\000B\000l\000o\000c\000k\000\040\000D\000i\000a\000g\000r\000a\000m}{section.5}% 19
\BOOKMARK [2][-]{subsection.5.2}{\376\377\000C\000o\000r\000e\000\040\000M\000o\000d\000u\000l\000e\000s}{section.5}% 20
\BOOKMARK [3][-]{subsubsection.5.2.1}{\376\377\000L\000C\000D\000\040\000D\000r\000i\000v\000e\000r}{subsection.5.2}% 21
\BOOKMARK [3][-]{subsubsection.5.2.2}{\376\377\000I\000n\000p\000u\000t\000\040\000S\000u\000b\000s\000y\000s\000t\000e\000m}{subsection.5.2}% 22
\BOOKMARK [1][-]{section.6}{\376\377\000M\000a\000t\000h\000e\000m\000a\000t\000i\000c\000a\000l\000\040\000E\000n\000g\000i\000n\000e}{}% 23
\BOOKMARK [2][-]{subsection.6.1}{\376\377\000N\000u\000m\000e\000r\000i\000c\000a\000l\000\040\000M\000e\000t\000h\000o\000d\000s}{section.6}% 24
\BOOKMARK [3][-]{subsubsection.6.1.1}{\376\377\000D\000e\000c\000i\000m\000a\000l\000-\000t\000o\000-\000F\000r\000a\000c\000t\000i\000o\000n\000\040\000C\000o\000n\000v\000e\000r\000s\000i\000o\000n}{subsection.6.1}% 25
\BOOKMARK [3][-]{subsubsection.6.1.2}{\376\377\000R\000K\0004\000\040\000O\000D\000E\000\040\000S\000o\000l\000v\000e\000r}{subsection.6.1}% 26
\BOOKMARK [3][-]{subsubsection.6.1.3}{\376\377\000L\000o\000g\000a\000r\000i\000t\000h\000m\000i\000c\000\040\000F\000u\000n\000c\000t\000i\000o\000n\000s}{subsection.6.1}% 27
\BOOKMARK [2][-]{subsection.6.2}{\376\377\000E\000x\000p\000r\000e\000s\000s\000i\000o\000n\000\040\000E\000v\000a\000l\000u\000a\000t\000i\000o\000n}{section.6}% 28
\BOOKMARK [3][-]{subsubsection.6.2.1}{\376\377\000S\000h\000u\000n\000t\000i\000n\000g\000-\000Y\000a\000r\000d\000\040\000A\000l\000g\000o\000r\000i\000t\000h\000m}{subsection.6.2}% 29
\BOOKMARK [3][-]{subsubsection.6.2.2}{\376\377\000P\000o\000s\000t\000f\000i\000x\000\040\000E\000v\000a\000l\000u\000a\000t\000i\000o\000n}{subsection.6.2}% 30
\BOOKMARK [1][-]{section.7}{\376\377\000U\000s\000e\000r\000\040\000I\000n\000t\000e\000r\000f\000a\000c\000e\000\040\000D\000e\000s\000i\000g\000n}{}% 31
\BOOKMARK [2][-]{subsection.7.1}{\376\377\000D\000i\000s\000p\000l\000a\000y\000\040\000L\000a\000y\000o\000u\000t}{section.7}% 32
\BOOKMARK [2][-]{subsection.7.2}{\376\377\000I\000n\000p\000u\000t\000\040\000W\000o\000r\000k\000f\000l\000o\000w}{section.7}% 33
\BOOKMARK [1][-]{section.8}{\376\377\000P\000e\000r\000f\000o\000r\000m\000a\000n\000c\000e\000\040\000A\000n\000a\000l\000y\000s\000i\000s}{}% 34
\BOOKMARK [2][-]{subsection.8.1}{\376\377\000T\000i\000m\000i\000n\000g\000\040\000C\000h\000a\000r\000a\000c\000t\000e\000r\000i\000s\000t\000i\000c\000s}{section.8}% 35
\BOOKMARK [2][-]{subsection.8.2}{\376\377\000N\000u\000m\000e\000r\000i\000c\000a\000l\000\040\000A\000c\000c\000u\000r\000a\000c\000y}{section.8}% 36
\BOOKMARK [1][-]{section.9}{\376\377\000C\000a\000s\000e\000\040\000S\000t\000u\000d\000i\000e\000s}{}% 37
\BOOKMARK [2][-]{subsection.9.1}{\376\377\000B\000a\000s\000i\000c\000\040\000A\000r\000i\000t\000h\000m\000e\000t\000i\000c}{section.9}% 38
\BOOKMARK [2][-]{subsection.9.2}{\376\377\000T\000r\000i\000g\000o\000n\000o\000m\000e\000t\000r\000i\000c\000\040\000C\000a\000l\000c\000u\000l\000a\000t\000i\000o\000n}{section.9}% 39
\BOOKMARK [2][-]{subsection.9.3}{\376\377\000E\000x\000p\000o\000n\000e\000n\000t\000i\000a\000l\000\040\000F\000u\000n\000c\000t\000i\000o\000n\000s}{section.9}% 40
\BOOKMARK [2][-]{subsection.9.4}{\376\377\000L\000o\000g\000a\000r\000i\000t\000h\000m\000i\000c\000\040\000F\000u\000n\000c\000t\000i\000o\000n\000s}{section.9}% 41
\BOOKMARK [1][-]{section.10}{\376\377\000C\000o\000n\000c\000l\000u\000s\000i\000o\000n}{}% 42
