\BOOKMARK [1][-]{section.1}{\376\377\000I\000n\000t\000r\000o\000d\000u\000c\000t\000i\000o\000n}{}% 1
\BOOKMARK [1][-]{section.2}{\376\377\000H\000a\000r\000d\000w\000a\000r\000e\000\040\000C\000o\000m\000p\000o\000n\000e\000n\000t\000s}{}% 2
\BOOKMARK [1][-]{section.3}{\376\377\000L\000C\000D}{}% 3
\BOOKMARK [1][-]{section.4}{\376\377\000F\000e\000a\000t\000u\000r\000e\000s\000\040\000o\000f\000\040\0001\0006\000x\0002\000\040\000L\000C\000D}{}% 4
\BOOKMARK [1][-]{section.5}{\376\377\000P\000i\000n\000\040\000C\000o\000n\000f\000i\000g\000u\000r\000a\000t\000i\000o\000n}{}% 5
\BOOKMARK [1][-]{section.6}{\376\377\000C\000i\000r\000c\000u\000i\000t\000\040\000D\000i\000a\000g\000r\000a\000m}{}% 6
\BOOKMARK [1][-]{section.7}{\376\377\000W\000o\000r\000k\000i\000n\000g\000\040\000P\000r\000i\000n\000c\000i\000p\000l\000e}{}% 7
\BOOKMARK [1][-]{section.8}{\376\377\000H\000a\000r\000d\000w\000a\000r\000e\000\040\000C\000o\000n\000f\000i\000g\000u\000r\000a\000t\000i\000o\000n}{}% 8
\BOOKMARK [2][-]{subsection.8.1}{\376\377\000L\000C\000D\000\040\000C\000o\000n\000n\000e\000c\000t\000i\000o\000n}{section.8}% 9
\BOOKMARK [2][-]{subsection.8.2}{\376\377\000B\000u\000t\000t\000o\000n\000\040\000C\000o\000n\000n\000e\000c\000t\000i\000o\000n\000s}{section.8}% 10
\BOOKMARK [1][-]{section.9}{\376\377\000S\000o\000f\000t\000w\000a\000r\000e\000\040\000D\000e\000s\000i\000g\000n}{}% 11
\BOOKMARK [2][-]{subsection.9.1}{\376\377\000S\000o\000f\000t\000w\000a\000r\000e\000\040\000A\000r\000c\000h\000i\000t\000e\000c\000t\000u\000r\000e}{section.9}% 12
\BOOKMARK [2][-]{subsection.9.2}{\376\377\000K\000e\000y\000\040\000D\000a\000t\000a\000\040\000S\000t\000r\000u\000c\000t\000u\000r\000e\000s}{section.9}% 13
\BOOKMARK [2][-]{subsection.9.3}{\376\377\000E\000x\000p\000r\000e\000s\000s\000i\000o\000n\000\040\000E\000v\000a\000l\000u\000a\000t\000i\000o\000n}{section.9}% 14
\BOOKMARK [2][-]{subsection.9.4}{\376\377\000U\000s\000e\000r\000\040\000I\000n\000t\000e\000r\000f\000a\000c\000e\000\040\000D\000e\000s\000i\000g\000n}{section.9}% 15
\BOOKMARK [1][-]{section.10}{\376\377\000I\000m\000p\000l\000e\000m\000e\000n\000t\000a\000t\000i\000o\000n\000\040\000C\000h\000a\000l\000l\000e\000n\000g\000e\000s}{}% 16
\BOOKMARK [2][-]{subsection.10.1}{\376\377\000L\000i\000m\000i\000t\000e\000d\000\040\000M\000e\000m\000o\000r\000y}{section.10}% 17
\BOOKMARK [2][-]{subsection.10.2}{\376\377\000E\000x\000p\000r\000e\000s\000s\000i\000o\000n\000\040\000P\000a\000r\000s\000i\000n\000g}{section.10}% 18
\BOOKMARK [2][-]{subsection.10.3}{\376\377\000U\000s\000e\000r\000\040\000I\000n\000t\000e\000r\000f\000a\000c\000e\000\040\000L\000i\000m\000i\000t\000a\000t\000i\000o\000n\000s}{section.10}% 19
\BOOKMARK [1][-]{section.11}{\376\377\000S\000o\000f\000t\000w\000a\000r\000e\000\040\000F\000u\000n\000c\000t\000i\000o\000n\000a\000l\000\040\000B\000l\000o\000c\000k\000s}{}% 20
\BOOKMARK [2][-]{subsection.11.1}{\376\377\000L\000C\000D\000\040\000C\000o\000n\000t\000r\000o\000l\000\040\000F\000u\000n\000c\000t\000i\000o\000n\000s}{section.11}% 21
\BOOKMARK [2][-]{subsection.11.2}{\376\377\000B\000u\000t\000t\000o\000n\000\040\000I\000n\000t\000e\000r\000f\000a\000c\000e\000\040\000F\000u\000n\000c\000t\000i\000o\000n\000s}{section.11}% 22
\BOOKMARK [2][-]{subsection.11.3}{\376\377\000E\000x\000p\000r\000e\000s\000s\000i\000o\000n\000\040\000H\000a\000n\000d\000l\000i\000n\000g\000\040\000F\000u\000n\000c\000t\000i\000o\000n\000s}{section.11}% 23
\BOOKMARK [2][-]{subsection.11.4}{\376\377\000C\000a\000l\000c\000u\000l\000a\000t\000i\000o\000n\000\040\000F\000u\000n\000c\000t\000i\000o\000n\000s}{section.11}% 24
\BOOKMARK [1][-]{section.12}{\376\377\000T\000e\000s\000t\000i\000n\000g\000\040\000R\000e\000s\000u\000l\000t\000s}{}% 25
\BOOKMARK [2][-]{subsection.12.1}{\376\377\000A\000r\000i\000t\000h\000m\000e\000t\000i\000c\000\040\000O\000p\000e\000r\000a\000t\000i\000o\000n\000s}{section.12}% 26
\BOOKMARK [2][-]{subsection.12.2}{\376\377\000T\000r\000i\000g\000o\000n\000o\000m\000e\000t\000r\000i\000c\000\040\000F\000u\000n\000c\000t\000i\000o\000n\000s}{section.12}% 27
\BOOKMARK [1][-]{section.13}{\376\377\000L\000i\000m\000i\000t\000a\000t\000i\000o\000n\000s\000\040\000a\000n\000d\000\040\000F\000u\000t\000u\000r\000e\000\040\000I\000m\000p\000r\000o\000v\000e\000m\000e\000n\000t\000s}{}% 28
\BOOKMARK [2][-]{subsection.13.1}{\376\377\000C\000u\000r\000r\000e\000n\000t\000\040\000L\000i\000m\000i\000t\000a\000t\000i\000o\000n\000s}{section.13}% 29
\BOOKMARK [2][-]{subsection.13.2}{\376\377\000P\000o\000t\000e\000n\000t\000i\000a\000l\000\040\000I\000m\000p\000r\000o\000v\000e\000m\000e\000n\000t\000s}{section.13}% 30
\BOOKMARK [1][-]{section.14}{\376\377\000C\000o\000n\000c\000l\000u\000s\000i\000o\000n}{}% 31
\BOOKMARK [1][-]{appendix.A}{\376\377\000C\000o\000d\000e\000\040\000H\000i\000g\000h\000l\000i\000g\000h\000t\000s}{}% 32
\BOOKMARK [2][-]{subsection.A.1}{\376\377\000E\000x\000p\000r\000e\000s\000s\000i\000o\000n\000\040\000E\000v\000a\000l\000u\000a\000t\000i\000o\000n\000\040\000F\000u\000n\000c\000t\000i\000o\000n}{appendix.A}% 33
\BOOKMARK [1][-]{appendix.B}{\376\377\000P\000i\000n\000\040\000A\000s\000s\000i\000g\000n\000m\000e\000n\000t\000\040\000T\000a\000b\000l\000e}{}% 34
